<?xml version="1.0" encoding="utf-8"?><testsuites name="pytest tests"><testsuite name="pytest" errors="0" failures="0" skipped="20" tests="3138" time="183.292" timestamp="2026-08-31T09:07:15.534937+08:00" hostname="DMIT-bAgK7R4uyn"><testcase classname="tests.test_a1_release_validation" name="test_certified_when_all_gates_pass" time="0.001" /><testcase classname="tests.test_a1_release_validation" name="test_g7_position_bias_0_5_withholds" time="0.000" /><testcase classname="tests.test_a1_release_validation" name="test_g7_overall_below_threshold_withholds" time="0.000" /><testcase classname="tests.test_a1_release_validation" name="test_g8_zero_committed_chapters_withholds" time="0.000"><skipped type="pytest.skip" message="requires private operator assets missing on public_clean checkout: runtime/refs/cpa_active/canary_policy_s6_cpa.json, novels/s6-canary-offdom/output, novels/s6-canary-mythic/output, novels/s6-canary-hist/output">/root/novel-attest-r5/repo/tests/test_a1_release_validation.py:116: requires private operator assets missing on public_clean checkout: runtime/refs/cpa_active/canary_policy_s6_cpa.json, novels/s6-canary-offdom/output, novels/s6-canary-mythic/output, novels/s6-canary-hist/output</skipped></testcase><testcase classname="tests.test_a1_release_validation" name="test_g9_frozen_release_drift_withholds" time="0.000" /><testcase classname="tests.test_a1_release_validation" name="test_privacy_error_withholds" time="0.000" /><testcase classname="tests.test_a1_release_validation" name="test_build_release_record_shape" time="0.000" /><testcase classname="tests.test_a1_release_validation" name="test_privacy_clean_summary_reduces_full_reports" time="0.001" /><testcase classname="tests.test_a1_release_validation" name="test_scan_aggregate_forbidden_allows_marker_flags_only" time="0.000" /><testcase classname="tests.test_approval_gate.TestApprovalDecisionModel" name="test_valid_approve" time="0.000" /><testcase classname="tests.test_approval_gate.TestApprovalDecisionModel" name="test_reject_with_note" time="0.000" /><testcase classname="tests.test_approval_gate.TestApprovalDecisionModel" name="test_invalid_decision_rejected" time="0.000" /><testcase classname="tests.test_approval_gate.TestApprovalDecisionModel" name="test_empty_critical_issue_ids_rejected" time="0.000" /><testcase classname="tests.test_approval_gate.TestApprovalDecisionModel" name="test_blank_issue_id_rejected" time="0.000" /><testcase classname="tests.test_approval_gate.TestApprovalDecisionModel" name="test_malformed_decided_at_utc_rejected" time="0.000" /><testcase classname="tests.test_approval_gate.TestApprovalDecisionModel" name="test_blank_operator_note_rejected" time="0.000" /><testcase classname="tests.test_approval_gate.TestApprovalDecisionModel" name="test_unknown_fields_rejected" time="0.000" /><testcase classname="tests.test_approval_gate.TestLoadApprovalDecision" name="test_missing_file_raises" time="0.002" /><testcase classname="tests.test_approval_gate.TestLoadApprovalDecision" name="test_invalid_json_raises" time="0.001" /><testcase classname="tests.test_approval_gate.TestLoadApprovalDecision" name="test_invalid_shape_raises" time="0.001" /><testcase classname="tests.test_approval_gate.TestLoadApprovalDecision" name="test_valid_round_trip" time="0.001" /><testcase classname="tests.test_approval_gate.TestCollection" name="test_collects_from_handoff_open_items" time="0.000" /><testcase classname="tests.test_approval_gate.TestCollection" name="test_collects_from_package_repair_control" time="0.000" /><testcase classname="tests.test_approval_gate.TestCollection" name="test_dedups_across_handoff_and_package" time="0.000" /><testcase classname="tests.test_approval_gate.TestCollection" name="test_excludes_non_critical_severities" time="0.000" /><testcase classname="tests.test_approval_gate.TestCollection" name="test_excludes_resolved_and_deferred" time="0.000" /><testcase classname="tests.test_approval_gate.TestCollection" name="test_skips_malformed_open_item" time="0.000" /><testcase classname="tests.test_approval_gate.TestCollection" name="test_empty_without_package" time="0.000" /><testcase classname="tests.test_approval_gate.TestCollection" name="test_blocking_and_critical_strictly_separated" time="0.000" /><testcase classname="tests.test_approval_gate.TestResolveDecisionTable" name="test_no_critical_passthrough" time="0.000" /><testcase classname="tests.test_approval_gate.TestResolveDecisionTable" name="test_no_critical_keeps_base_failure" time="0.000" /><testcase classname="tests.test_approval_gate.TestResolveDecisionTable" name="test_missing_artifact_blocks" time="0.000" /><testcase classname="tests.test_approval_gate.TestResolveDecisionTable" name="test_reject_blocks" time="0.000" /><testcase classname="tests.test_approval_gate.TestResolveDecisionTable" name="test_partial_approve_blocks" time="0.000" /><testcase classname="tests.test_approval_gate.TestResolveDecisionTable" name="test_full_approve_overrides_to_continue_unit" time="0.000" /><testcase classname="tests.test_approval_gate.TestResolveDecisionTable" name="test_full_approve_does_not_override_blocking_issue" time="0.000" /><testcase classname="tests.test_approval_gate.TestResolveDecisionTable" name="test_full_approve_does_not_override_non_issue_violation" time="0.000" /><testcase classname="tests.test_approval_gate.TestResolveDecisionTable" name="test_full_approve_on_block_route_overrides_to_continue_unit" time="0.000" /><testcase classname="tests.test_approval_gate.TestContractGuards" name="test_extra_fields_constants" time="0.000" /><testcase classname="tests.test_approval_gate.TestContractGuards" name="test_contract_version" time="0.000" /><testcase classname="tests.test_audit_end_to_end" name="test_audit_report_from_complete_rebuild" time="0.000" /><testcase classname="tests.test_audit_end_to_end" name="test_audit_report_with_rewrite_history" time="0.000" /><testcase classname="tests.test_audit_end_to_end" name="test_audit_report_rejects_malformed_applied_fix_history" time="0.000" /><testcase classname="tests.test_audit_end_to_end" name="test_audit_report_requires_consistent_rewrite_history" time="0.000" /><testcase classname="tests.test_audit_end_to_end" name="test_audit_report_json_roundtrip" time="0.000" /><testcase classname="tests.test_audit_end_to_end" name="test_audit_report_rejects_invalid_route" time="0.000" /><testcase classname="tests.test_audit_end_to_end" name="test_audit_report_rejects_coerced_scalar_state_fields" time="0.000" /><testcase classname="tests.test_audit_end_to_end" name="test_audit_report_rejects_malformed_review_issue" time="0.000" /><testcase classname="tests.test_audit_end_to_end" name="test_audit_report_rejects_malformed_core_object_layers" time="0.000" /><testcase classname="tests.test_audit_end_to_end" name="test_audit_report_rejects_malformed_review_reminder" time="0.000" /><testcase classname="tests.test_audit_outline_injection" name="test_rebuild_prompt_with_outline" time="0.000" /><testcase classname="tests.test_audit_outline_injection" name="test_rebuild_prompt_without_outline_backward_compat" time="0.000" /><testcase classname="tests.test_audit_outline_injection" name="test_audit_long_form_triggers_outline_stage" time="0.293" /><testcase classname="tests.test_audit_outline_injection" name="test_audit_short_form_skips_outline_stage" time="0.312" /><testcase classname="tests.test_audit_outline_injection" name="test_audit_outline_parse_failure_fails_fast" time="0.302" /><testcase classname="tests.test_audit_short_form" name="test_workspec_creation" time="0.000" /><testcase classname="tests.test_audit_short_form" name="test_worldmodel_validation" time="0.000" /><testcase classname="tests.test_audit_short_form" name="test_character_model_no_overlap" time="0.000" /><testcase classname="tests.test_audit_short_form" name="test_factledger_confirm" time="0.000" /><testcase classname="tests.test_audit_short_form" name="test_serialization_roundtrip" time="0.001" /><testcase classname="tests.test_audit_short_form" name="test_handoff_verify" time="0.000" /><testcase classname="tests.test_audit_short_form" name="test_no_regression_pass" time="0.000" /><testcase classname="tests.test_audit_short_form" name="test_no_regression_fail_unconfirmed_fact" time="0.000" /><testcase classname="tests.test_audit_short_form" name="test_rebuild_parses_complete_novel" time="0.000" /><testcase classname="tests.test_audit_short_form" name="test_rebuild_preserves_gaps" time="0.000" /><testcase classname="tests.test_audit_short_form" name="test_audit_entry_treats_utf8_bom_as_encoding_marker" time="0.309" /><testcase classname="tests.test_audit_short_form" name="test_audit_entry_treats_utf8_bom_response_as_encoding_marker" time="0.677" /><testcase classname="tests.test_audit_short_form" name="test_review_audit_detects_character_overlap" time="0.000" /><testcase classname="tests.test_author_selection" name="test_run_author_selection_writes_choice_ledger" time="0.002" /><testcase classname="tests.test_author_selection" name="test_run_author_selection_writes_shadow_and_drift" time="0.002" /><testcase classname="tests.test_author_selection" name="test_run_author_selection_idempotent_on_rerun" time="0.003" /><testcase classname="tests.test_author_selection" name="test_drift_review_records_challenge_on_active_break" time="0.001" /><testcase classname="tests.test_author_selection" name="test_load_style_profile_and_resolve_kernel_missing_return_none" time="0.001" /><testcase classname="tests.test_author_selection" name="test_resolve_kernel_explicit_path" time="0.001" /><testcase classname="tests.test_author_selection" name="test_consolidation_writes_kernel_after_threshold" time="0.005" /><testcase classname="tests.test_author_selection" name="test_consolidation_below_threshold_no_kernel" time="0.003" /><testcase classname="tests.test_author_selection" name="test_consolidated_kernel_auto_consumed_by_resolve_kernel" time="0.005" /><testcase classname="tests.test_author_selection" name="test_consolidation_grows_and_is_idempotent" time="0.007" /><testcase classname="tests.test_author_selection" name="test_cli_parser_author_defaults_off" time="0.008" /><testcase classname="tests.test_author_selection" name="test_cli_parser_accepts_author_flags" time="0.007" /><testcase classname="tests.test_author_selection" name="test_short_form_help_exposes_author_flags" time="0.721" /><testcase classname="tests.test_author_selection" name="test_resume_config_validation_accepts_author_keys" time="0.001" /><testcase classname="tests.test_author_selection" name="test_structural_search_underdetermined_halts_and_resumes" time="0.005" /><testcase classname="tests.test_author_selector" name="test_reader_presence_and_unresolved_bonus" time="0.000" /><testcase classname="tests.test_author_selector" name="test_reader_penalizes_interpretive_overcompletion" time="0.000" /><testcase classname="tests.test_author_selector" name="test_reader_penalizes_no_presence" time="0.000" /><testcase classname="tests.test_author_selector" name="test_reader_penalizes_no_hook_no_consequences" time="0.000" /><testcase classname="tests.test_author_selector" name="test_style_no_profile_neutral" time="0.000" /><testcase classname="tests.test_author_selector" name="test_style_taboo_penalty" time="0.000" /><testcase classname="tests.test_author_selector" name="test_style_clean_high_score" time="0.000" /><testcase classname="tests.test_author_selector" name="test_author_no_kernel_neutral" time="0.000" /><testcase classname="tests.test_author_selector" name="test_author_prohibition_hits_and_veto" time="0.000" /><testcase classname="tests.test_author_selector" name="test_author_prohibition_weak_no_veto" time="0.000" /><testcase classname="tests.test_author_selector" name="test_author_value_bonus" time="0.000" /><testcase classname="tests.test_author_selector" name="test_gate_blocks_bad_state_ref" time="0.000" /><testcase classname="tests.test_author_selector" name="test_gate_blocks_output_state_mismatch" time="0.000" /><testcase classname="tests.test_author_selector" name="test_gate_passes_valid_candidate" time="0.000" /><testcase classname="tests.test_author_selector" name="test_gate_reports_no_current_ref" time="0.000" /><testcase classname="tests.test_author_selector" name="test_select_prefers_author_over_reader_when_kernel" time="0.000" /><testcase classname="tests.test_author_selector" name="test_select_without_kernel_uses_style_reader" time="0.000" /><testcase classname="tests.test_author_selector" name="test_select_vetoed_candidate_not_selected" time="0.000" /><testcase classname="tests.test_author_selector" name="test_select_all_vetoed_still_selects" time="0.000" /><testcase classname="tests.test_author_selector" name="test_select_all_fail_gate_raises" time="0.000" /><testcase classname="tests.test_author_selector" name="test_select_gate_blocked_candidate_excluded_from_pool" time="0.000" /><testcase classname="tests.test_author_selector" name="test_select_kernel_cannot_override_consistency_gate" time="0.000" /><testcase classname="tests.test_author_selector" name="test_select_kernel_prefers_but_gate_blocked_pair" time="0.000" /><testcase classname="tests.test_author_selector" name="test_build_choice_record_includes_rejected" time="0.000" /><testcase classname="tests.test_author_selector" name="test_build_choice_record_summary" time="0.000" /><testcase classname="tests.test_author_selector" name="test_render_selection_report_readable" time="0.000" /><testcase classname="tests.test_author_semantic_judge" name="test_semantic_score_neutral_without_kernel" time="0.000" /><testcase classname="tests.test_author_semantic_judge" name="test_semantic_score_reflects_directions" time="0.000" /><testcase classname="tests.test_author_semantic_judge" name="test_semantic_score_veto_on_stable_prohibition" time="0.000" /><testcase classname="tests.test_author_semantic_judge" name="test_frozen_candidates_diverge_by_kernel" time="0.000" /><testcase classname="tests.test_author_semantic_judge" name="test_keyword_proxy_still_default_fallback" time="0.000" /><testcase classname="tests.test_authorkernel" name="test_principle_roundtrip" time="0.000" /><testcase classname="tests.test_authorkernel" name="test_vocab_key_must_be_restricted" time="0.000" /><testcase classname="tests.test_authorkernel" name="test_vocab_key_must_match_category_vocab" time="0.000" /><testcase classname="tests.test_authorkernel" name="test_principle_extra_forbid" time="0.000" /><testcase classname="tests.test_authorkernel" name="test_strength_and_confidence_in_unit_interval" time="0.000" /><testcase classname="tests.test_authorkernel" name="test_principle_refs_must_be_non_blank" time="0.000" /><testcase classname="tests.test_authorkernel" name="test_status_five_states" time="0.000" /><testcase classname="tests.test_authorkernel" name="test_kernel_six_categories" time="0.000" /><testcase classname="tests.test_authorkernel" name="test_kernel_empty_by_default" time="0.000" /><testcase classname="tests.test_authorkernel" name="test_kernel_extra_forbid" time="0.000" /><testcase classname="tests.test_authorkernel" name="test_principles_by_category" time="0.000" /><testcase classname="tests.test_authorkernel" name="test_principle_id_generation" time="0.000" /><testcase classname="tests.test_authorkernel" name="test_vocab_keywords_cover_vocab" time="0.000" /><testcase classname="tests.test_authorkernel" name="test_direction_pro_for_alignment" time="0.000" /><testcase classname="tests.test_authorkernel" name="test_direction_contra_for_violation" time="0.000" /><testcase classname="tests.test_authorkernel" name="test_direction_none_when_untouched" time="0.000" /><testcase classname="tests.test_authorkernel" name="test_direction_pro_wins_when_both_present" time="0.000" /><testcase classname="tests.test_authorkernel" name="test_direction_forbidden_act_is_contra" time="0.000" /><testcase classname="tests.test_authormemory" name="test_infer_value_conflicts_by_keywords" time="0.000" /><testcase classname="tests.test_authormemory" name="test_infer_returns_empty_for_neutral_text" time="0.000" /><testcase classname="tests.test_authormemory" name="test_retrieve_by_value_conflict_not_semantics" time="0.000" /><testcase classname="tests.test_authormemory" name="test_retrieve_ranks_by_overlap_and_recency" time="0.000" /><testcase classname="tests.test_authormemory" name="test_retrieve_max_results_cap" time="0.000" /><testcase classname="tests.test_authormemory" name="test_select_injections_includes_related_and_challenges" time="0.000" /><testcase classname="tests.test_authormemory" name="test_select_injections_no_ledger_no_kernel" time="0.000" /><testcase classname="tests.test_authormemory" name="test_select_injections_caps_principles" time="0.000" /><testcase classname="tests.test_authormemory" name="test_render_kernel_context_empty_is_zero" time="0.000" /><testcase classname="tests.test_authormemory" name="test_render_kernel_context_stable_principles" time="0.000" /><testcase classname="tests.test_authormemory" name="test_render_memory_context_contains_tradeoff_not_plotunit" time="0.000" /><testcase classname="tests.test_authormemory" name="test_render_memory_context_empty_is_zero" time="0.000" /><testcase classname="tests.test_authormemory" name="test_kernel_sidecar_roundtrip" time="0.001" /><testcase classname="tests.test_authormemory" name="test_load_missing_kernel_returns_none" time="0.001" /><testcase classname="tests.test_authormemory" name="test_kernel_summary" time="0.001" /><testcase classname="tests.test_authormodel_v3.TestAuthorModelV3Principles" name="test_principle_status_evolution" time="0.000" /><testcase classname="tests.test_authormodel_v3.TestAuthorModelV3Principles" name="test_update_author_model_from_hindsight" time="0.000" /><testcase classname="tests.test_authormodel_v3.TestAuthorPriorScoring" name="test_score_author_prior_alignment" time="0.000" /><testcase classname="tests.test_authormodel_v3.TestCrossWorkSeparation" name="test_validate_cross_work_separation_and_leakage_detection" time="0.000" /><testcase classname="tests.test_authormodel_v3.TestCrossWorkSeparation" name="test_author_model_v3_persistence_and_shadow_isolation" time="0.001" /><testcase classname="tests.test_authormodel_v3" name="test_v2_holdout_leakage_is_not_pass" time="0.001" /><testcase classname="tests.test_authormodel_v3" name="test_v2_topic_alias_is_not_pass" time="0.000" /><testcase classname="tests.test_authormodel_v3" name="test_v2_candidate_first_bias_is_not_pass" time="0.002" /><testcase classname="tests.test_authormodel_v3" name="test_v2_no_author_advantage_is_not_pass" time="0.002" /><testcase classname="tests.test_authormodel_v3" name="test_v2_empty_or_invalid_input_never_returns_neutral_half" time="0.000" /><testcase classname="tests.test_authormodel_v3" name="test_v2_missing_hard_negative_is_degraded" time="0.000" /><testcase classname="tests.test_authormodel_v3" name="test_v2_silent_fold_drop_is_reported" time="0.000" /><testcase classname="tests.test_authormodel_v3" name="test_v2_low_confidence_is_invalid" time="0.000" /><testcase classname="tests.test_authormodel_v3" name="test_v2_legal_small_sample_passes" time="0.002" /><testcase classname="tests.test_authormodel_v3" name="test_v8_dual_plane_statistical_pass_full_coverage_fail" time="0.002" /><testcase classname="tests.test_authormodel_v3" name="test_v8_full_coverage_pass_requires_zero_abstention" time="0.002" /><testcase classname="tests.test_authormodel_v3" name="test_v8_backoff_family_reduces_abstention" time="0.003" /><testcase classname="tests.test_authormodel_v3" name="test_v8_backoff_partial_pool_further_reduces" time="0.004" /><testcase classname="tests.test_authormodel_v3" name="test_v8_backoff_never_reads_holdout" time="0.002" /><testcase classname="tests.test_authormodel_v3" name="test_v8_coverage_and_selective_risk_reported" time="0.002" /><testcase classname="tests.test_authormodel_v3" name="test_v8_c_at_1_formula" time="0.002" /><testcase classname="tests.test_authormodel_v3" name="test_v8_operating_coverage_enforced" time="0.002" /><testcase classname="tests.test_authortemplate" name="test_schema_extra_forbid" time="0.000" /><testcase classname="tests.test_authortemplate" name="test_empty_evidence_produces_no_principles" time="0.000" /><testcase classname="tests.test_authortemplate" name="test_distill_supporting_refs_and_no_persona" time="0.001" /><testcase classname="tests.test_authortemplate" name="test_store_and_search" time="0.002" /><testcase classname="tests.test_authortemplate" name="test_cli_list_show_distill_and_missing_input" time="0.028" /><testcase classname="tests.test_auto_calibrate" name="test_load_frozen_bench_splits_and_disjoint_prompt_ids" time="0.000"><skipped type="pytest.skip" message="frozen polluted split evidence absent (split_manifest.json not present on this clone)">/root/novel-attest-r5/repo/tests/test_auto_calibrate.py:136: frozen polluted split evidence absent (split_manifest.json not present on this clone)</skipped></testcase><testcase classname="tests.test_auto_calibrate" name="test_load_frozen_bench_rejects_sha256_mismatch" time="0.000"><skipped type="pytest.skip" message="requires private operator assets missing on public_clean checkout: reference_texts/a1_benchmark">/root/novel-attest-r5/repo/tests/test_auto_calibrate.py:151: requires private operator assets missing on public_clean checkout: reference_texts/a1_benchmark</skipped></testcase><testcase classname="tests.test_auto_calibrate" name="test_build_preference_prompt_is_anonymous_and_strict" time="0.000" /><testcase classname="tests.test_auto_calibrate" name="test_parse_preference_response_accepts_A_B_no_difference" time="0.000" /><testcase classname="tests.test_auto_calibrate" name="test_parse_preference_response_rejects_bad_shapes[not json]" time="0.000" /><testcase classname="tests.test_auto_calibrate" name="test_parse_preference_response_rejects_bad_shapes[{&quot;preferred&quot;: &quot;C&quot;, &quot;rationale&quot;: &quot;x&quot;}]" time="0.000" /><testcase classname="tests.test_auto_calibrate" name="test_parse_preference_response_rejects_bad_shapes[{&quot;rationale&quot;: &quot;x&quot;}]" time="0.000" /><testcase classname="tests.test_auto_calibrate" name="test_parse_preference_response_rejects_bad_shapes[{&quot;preferred&quot;: &quot;A&quot;}]" time="0.000" /><testcase classname="tests.test_auto_calibrate" name="test_parse_preference_response_rejects_bad_shapes[{&quot;preferred&quot;: &quot;A&quot;, &quot;rationale&quot;: &quot;&quot;}]" time="0.000" /><testcase classname="tests.test_auto_calibrate" name="test_parse_preference_response_rejects_bad_shapes[{&quot;preferred&quot;: &quot;A&quot;, &quot;rationale&quot;: &quot;x&quot;, &quot;extra&quot;: 1}]" time="0.000" /><testcase classname="tests.test_auto_calibrate" name="test_run_preference_judge_labels_correctness" time="0.000" /><testcase classname="tests.test_auto_calibrate" name="test_compute_accuracy_overall_and_per_tag" time="0.000" /><testcase classname="tests.test_auto_calibrate" name="test_compute_accuracy_counts_abstain_as_incorrect" time="0.000" /><testcase classname="tests.test_auto_calibrate" name="test_compute_accuracy_mixed_abstain_counts_as_wrong" time="0.000" /><testcase classname="tests.test_auto_calibrate" name="test_run_preference_judge_unreviewable_counts_as_wrong" time="0.000" /><testcase classname="tests.test_auto_calibrate" name="test_run_preference_judge_unreviewable_without_callback_raises" time="0.000" /><testcase classname="tests.test_auto_calibrate" name="test_run_preference_judge_nonquality_error_still_raises_with_callback" time="0.000" /><testcase classname="tests.test_auto_calibrate" name="test_position_consistency_unreviewable_counts_as_inconsistent" time="0.000" /><testcase classname="tests.test_auto_calibrate" name="test_position_consistency_all_unreviewable_is_zero" time="0.000" /><testcase classname="tests.test_auto_calibrate" name="test_position_consistency_stratified_sample_not_prefix" time="0.000" /><testcase classname="tests.test_auto_calibrate" name="test_freeze_thresholds_requires_minimum_span" time="0.001" /><testcase classname="tests.test_auto_calibrate" name="test_freeze_thresholds_records_frozen_evidence" time="0.000" /><testcase classname="tests.test_auto_calibrate" name="test_freeze_thresholds_id_is_deterministic" time="0.000" /><testcase classname="tests.test_auto_calibrate" name="test_measure_position_consistency_stable_judge" time="0.000" /><testcase classname="tests.test_auto_calibrate" name="test_measure_position_consistency_positional_judge" time="0.000" /><testcase classname="tests.test_auto_calibrate" name="test_run_holdout_met_with_stable_correct_judge" time="0.000" /><testcase classname="tests.test_auto_calibrate" name="test_run_holdout_does_not_rewrite_thresholds" time="0.001" /><testcase classname="tests.test_auto_calibrate" name="test_run_holdout_fully_abstained_tag_fails_per_tag" time="0.000" /><testcase classname="tests.test_auto_calibrate_cli" name="test_calibrate_met_freeze_thresholds_and_holdout" time="0.032" /><testcase classname="tests.test_auto_calibrate_cli" name="test_calibrate_no_prose_leak_in_artifacts" time="0.027" /><testcase classname="tests.test_auto_calibrate_cli" name="test_calibrate_fail_when_holdout_unmet" time="0.026" /><testcase classname="tests.test_auto_calibrate_cli" name="test_calibrate_rejects_bench_sha_mismatch" time="0.013" /><testcase classname="tests.test_auto_calibrate_cli" name="test_policy_provider_mismatch_rejected" time="0.002" /><testcase classname="tests.test_auto_calibrate_cli" name="test_policy_and_profile_models_valid" time="0.001" /><testcase classname="tests.test_automation_contracts" name="test_automation_contracts_module_stays_metadata_only" time="0.005" /><testcase classname="tests.test_automation_contracts" name="test_pending_automation_metadata_fields_and_states_are_stable" time="0.000" /><testcase classname="tests.test_automation_contracts" name="test_pending_automation_metadata_fragment_extracts_declared_fields" time="0.000" /><testcase classname="tests.test_automation_contracts" name="test_pending_automation_metadata_rejects_non_string_keys" time="0.000" /><testcase classname="tests.test_automation_contracts" name="test_automation_metadata_source_payloads_reject_credential_fields" time="0.000" /><testcase classname="tests.test_automation_contracts" name="test_automation_metadata_exact_payloads_reject_credential_fields" time="0.000" /><testcase classname="tests.test_automation_contracts" name="test_automation_metadata_source_payloads_reject_execution_claim_fields" time="0.000" /><testcase classname="tests.test_automation_contracts" name="test_automation_metadata_exact_payloads_reject_execution_claim_fields" time="0.000" /><testcase classname="tests.test_automation_contracts" name="test_automation_metadata_source_payloads_reject_cross_contract_metadata_fields" time="0.000" /><testcase classname="tests.test_automation_contracts" name="test_pending_automation_metadata_validator_rejects_invalid_payloads" time="0.000" /><testcase classname="tests.test_automation_contracts" name="test_pending_automation_metadata_validator_rejects_numeric_boolean_values" time="0.000" /><testcase classname="tests.test_automation_contracts" name="test_pending_automation_metadata_validator_rejects_non_list_blockers" time="0.000" /><testcase classname="tests.test_automation_contracts" name="test_pending_automation_metadata_validator_rejects_invalid_blocker_entries[ ]" time="0.000" /><testcase classname="tests.test_automation_contracts" name="test_pending_automation_metadata_validator_rejects_invalid_blocker_entries[1]" time="0.000" /><testcase classname="tests.test_automation_contracts" name="test_pending_automation_metadata_validator_rejects_invalid_string_fields[ -automation_contract]" time="0.000" /><testcase classname="tests.test_automation_contracts" name="test_pending_automation_metadata_validator_rejects_invalid_string_fields[ -automation_ready_reason]" time="0.000" /><testcase classname="tests.test_automation_contracts" name="test_pending_automation_metadata_validator_rejects_invalid_string_fields[ -allowed_automation_action]" time="0.000" /><testcase classname="tests.test_automation_contracts" name="test_pending_automation_metadata_validator_rejects_invalid_string_fields[1-automation_contract]" time="0.000" /><testcase classname="tests.test_automation_contracts" name="test_pending_automation_metadata_validator_rejects_invalid_string_fields[1-automation_ready_reason]" time="0.000" /><testcase classname="tests.test_automation_contracts" name="test_pending_automation_metadata_validator_rejects_invalid_string_fields[1-allowed_automation_action]" time="0.000" /><testcase classname="tests.test_automation_contracts" name="test_pending_automation_metadata_validator_rejects_bool_contract_version" time="0.000" /><testcase classname="tests.test_automation_contracts" name="test_response_materialization_metadata_fields_are_stable" time="0.000" /><testcase classname="tests.test_automation_contracts" name="test_response_materialization_metadata_fragment_extracts_declared_fields" time="0.000" /><testcase classname="tests.test_automation_contracts" name="test_response_materialization_metadata_rejects_non_string_keys" time="0.000" /><testcase classname="tests.test_automation_contracts" name="test_response_materialization_metadata_validator_rejects_invalid_payloads" time="0.000" /><testcase classname="tests.test_automation_contracts" name="test_response_materialization_metadata_rejects_numeric_false_flags[provider_call_performed]" time="0.000" /><testcase classname="tests.test_automation_contracts" name="test_response_materialization_metadata_rejects_numeric_false_flags[closed_loop_advanced]" time="0.000" /><testcase classname="tests.test_automation_contracts" name="test_response_materialization_metadata_validator_rejects_bool_contract_version" time="0.000" /><testcase classname="tests.test_autonomous_contracts" name="test_provider_profile_freezes_actual_model_identity" time="0.000" /><testcase classname="tests.test_autonomous_contracts" name="test_provider_profile_rejects_alias_as_different_actual_model" time="0.000" /><testcase classname="tests.test_autonomous_contracts" name="test_policy_rejects_human_or_fallback_runtime[manual_allowed-True]" time="0.000" /><testcase classname="tests.test_autonomous_contracts" name="test_policy_rejects_human_or_fallback_runtime[waiting_allowed-True]" time="0.000" /><testcase classname="tests.test_autonomous_contracts" name="test_policy_rejects_human_or_fallback_runtime[provider_fallback_allowed-True]" time="0.000" /><testcase classname="tests.test_autonomous_contracts" name="test_policy_rejects_human_or_fallback_runtime[network_retry_allowed-True]" time="0.000" /><testcase classname="tests.test_autonomous_contracts" name="test_policy_rejects_human_or_fallback_runtime[resume_may_skip_gate-True]" time="0.000" /><testcase classname="tests.test_autonomous_contracts" name="test_policy_rejects_human_or_fallback_runtime[max_provider_attempts_per_call-2]" time="0.000" /><testcase classname="tests.test_autonomous_contracts" name="test_policy_rejects_inconsistent_canary_budget" time="0.000" /><testcase classname="tests.test_autonomous_contracts" name="test_policy_hash_is_canonical" time="0.000" /><testcase classname="tests.test_autonomous_contracts" name="test_run_terminal_requires_reason_and_cannot_transition" time="0.000" /><testcase classname="tests.test_autonomous_contracts" name="test_run_transition_requires_candidate_while_committing" time="0.000" /><testcase classname="tests.test_autonomous_contracts" name="test_run_cannot_decrease_committed_chapters" time="0.000" /><testcase classname="tests.test_autonomous_contracts" name="test_provider_error_has_priority_over_stop" time="0.000" /><testcase classname="tests.test_autonomous_contracts" name="test_stop_blocks_generation_even_when_reader_would_continue" time="0.000" /><testcase classname="tests.test_autonomous_contracts" name="test_needs_premise_searches_or_exhausts_without_manual_route" time="0.000" /><testcase classname="tests.test_autonomous_contracts" name="test_manual_and_unarmed_routes_become_explicit_incomplete_terminal" time="0.000" /><testcase classname="tests.test_autonomous_contracts" name="test_hard_failure_rejects_candidate_then_exhausts" time="0.000" /><testcase classname="tests.test_autonomous_contracts" name="test_only_accepted_candidate_can_commit_and_advance_frame" time="0.000" /><testcase classname="tests.test_autonomous_contracts" name="test_long_horizon_block_maps_to_quality_exhausted" time="0.000" /><testcase classname="tests.test_autonomous_contracts" name="test_long_horizon_block_has_priority_over_candidate_acceptance" time="0.000" /><testcase classname="tests.test_autonomous_contracts" name="test_long_horizon_block_is_weaker_than_provider_error_and_stop" time="0.000" /><testcase classname="tests.test_autonomous_contracts" name="test_budget_charge_is_exact_and_rejects_overflow" time="0.000" /><testcase classname="tests.test_autonomous_runner" name="test_a1_capability_flags_are_on" time="0.000" /><testcase classname="tests.test_autonomous_runner" name="test_fresh_init_creates_manifest_and_refuses_overwrite" time="0.018" /><testcase classname="tests.test_autonomous_runner" name="test_stop_canary_halts_before_any_provider_call" time="0.018" /><testcase classname="tests.test_autonomous_runner" name="test_needs_premise_search_all_invalid_then_premise_exhausted" time="0.017" /><testcase classname="tests.test_autonomous_runner" name="test_needs_premise_search_finds_premise_then_commits" time="0.036" /><testcase classname="tests.test_autonomous_runner" name="test_long_horizon_drift_blocks_second_checkpoint" time="0.105" /><testcase classname="tests.test_autonomous_runner" name="test_long_horizon_grounded_promise_passes_and_continues" time="0.042" /><testcase classname="tests.test_autonomous_runner" name="test_long_horizon_checkpoint_not_fired_outside_checkpoints" time="0.034" /><testcase classname="tests.test_autonomous_runner" name="test_seam_event_replay_blocks_chapter" time="0.025" /><testcase classname="tests.test_autonomous_runner" name="test_full_accept_cycle_commits_chapter_and_records_usage" time="0.040" /><testcase classname="tests.test_autonomous_runner" name="test_plan_invalid_state_refs_remapped_before_plan_gate" time="0.030" /><testcase classname="tests.test_autonomous_runner" name="test_reject_path_quality_exhausted" time="0.054" /><testcase classname="tests.test_autonomous_runner" name="test_tournament_position_bias_quality_exhausted" time="0.029" /><testcase classname="tests.test_autonomous_runner" name="test_provider_error_records_type_only_and_stops" time="0.019" /><testcase classname="tests.test_autonomous_runner" name="test_m1_judge_protocol_violation_single_call_terminal_no_pollution" time="0.022" /><testcase classname="tests.test_autonomous_runner" name="test_budget_exhaustion_halts_before_generation" time="0.016" /><testcase classname="tests.test_autonomous_runner" name="test_crash_mid_commit_refuses_resume" time="0.031" /><testcase classname="tests.test_autonomous_runner" name="test_created_run_resumes_cleanly_and_continues" time="0.035" /><testcase classname="tests.test_autonomous_runner" name="test_absorb_commit_on_resume" time="0.034" /><testcase classname="tests.test_autonomous_runner" name="test_terminal_run_cannot_be_reopened" time="0.078" /><testcase classname="tests.test_blind_eval" name="test_revision_prompt_hides_original_and_issues" time="0.000" /><testcase classname="tests.test_blind_eval" name="test_revision_prompt_presents_abstain_options" time="0.000" /><testcase classname="tests.test_blind_eval" name="test_parse_revision_gain_valid" time="0.000" /><testcase classname="tests.test_blind_eval" name="test_parse_revision_gain_rejects_invalid_preference" time="0.000" /><testcase classname="tests.test_blind_eval" name="test_parse_revision_gain_default_confidence" time="0.000" /><testcase classname="tests.test_blind_eval" name="test_detection_prompt_only_original_and_type" time="0.000" /><testcase classname="tests.test_blind_eval" name="test_parse_detection_valid" time="0.000" /><testcase classname="tests.test_blind_eval" name="test_parse_detection_uncertain" time="0.000" /><testcase classname="tests.test_blind_eval" name="test_parse_detection_rejects_invalid" time="0.000" /><testcase classname="tests.test_blind_eval" name="test_run_revision_gain_records_preference" time="0.000" /><testcase classname="tests.test_blind_eval" name="test_run_detection_records_flaw" time="0.000" /><testcase classname="tests.test_blind_eval" name="test_summarize_respects_which_is_original" time="0.000" /><testcase classname="tests.test_blind_eval" name="test_summarize_counts_abstain_separately" time="0.000" /><testcase classname="tests.test_blind_eval" name="test_summarize_by_issue_type_stratifies" time="0.000" /><testcase classname="tests.test_blind_eval" name="test_summarize_wilson_ci_well_formed" time="0.000" /><testcase classname="tests.test_blind_eval" name="test_summarize_detection_precision" time="0.000" /><testcase classname="tests.test_build_deepseek_active_bundle" name="test_build_produces_exactly_four_bundle_files" time="0.000"><skipped type="pytest.skip" message="requires private operator assets missing on public_clean checkout: reference_texts/a1_benchmark, runtime/refs/deepseek_active">/root/novel-attest-r5/repo/tests/test_build_deepseek_active_bundle.py:116: requires private operator assets missing on public_clean checkout: reference_texts/a1_benchmark, runtime/refs/deepseek_active</skipped></testcase><testcase classname="tests.test_build_deepseek_active_bundle" name="test_build_is_idempotent_byte_stable" time="0.000"><skipped type="pytest.skip" message="requires private operator assets missing on public_clean checkout: reference_texts/a1_benchmark, runtime/refs/deepseek_active">/root/novel-attest-r5/repo/tests/test_build_deepseek_active_bundle.py:122: requires private operator assets missing on public_clean checkout: reference_texts/a1_benchmark, runtime/refs/deepseek_active</skipped></testcase><testcase classname="tests.test_build_deepseek_active_bundle" name="test_build_output_has_no_forbidden_secrets" time="0.000"><skipped type="pytest.skip" message="requires private operator assets missing on public_clean checkout: reference_texts/a1_benchmark, runtime/refs/deepseek_active">/root/novel-attest-r5/repo/tests/test_build_deepseek_active_bundle.py:130: requires private operator assets missing on public_clean checkout: reference_texts/a1_benchmark, runtime/refs/deepseek_active</skipped></testcase><testcase classname="tests.test_build_deepseek_active_bundle" name="test_build_template_upstream_url_is_env_name_not_value" time="0.014" /><testcase classname="tests.test_build_deepseek_active_bundle" name="test_build_requires_base_url_env" time="0.000"><skipped type="pytest.skip" message="requires private operator assets missing on public_clean checkout: reference_texts/a1_benchmark, runtime/refs/deepseek_active">/root/novel-attest-r5/repo/tests/test_build_deepseek_active_bundle.py:159: requires private operator assets missing on public_clean checkout: reference_texts/a1_benchmark, runtime/refs/deepseek_active</skipped></testcase><testcase classname="tests.test_build_deepseek_active_bundle" name="test_build_derives_provider_identity_from_live_db" time="0.000"><skipped type="pytest.skip" message="requires private operator assets missing on public_clean checkout: runtime/refs/deepseek_active">/root/novel-attest-r5/repo/tests/test_build_deepseek_active_bundle.py:168: requires private operator assets missing on public_clean checkout: runtime/refs/deepseek_active</skipped></testcase><testcase classname="tests.test_build_deepseek_active_bundle" name="test_build_refuses_non_deepseek_current_provider" time="0.000"><skipped type="pytest.skip" message="requires private operator assets missing on public_clean checkout: runtime/refs/deepseek_active">/root/novel-attest-r5/repo/tests/test_build_deepseek_active_bundle.py:183: requires private operator assets missing on public_clean checkout: runtime/refs/deepseek_active</skipped></testcase><testcase classname="tests.test_build_deepseek_active_bundle" name="test_build_refuses_failover_current_provider" time="0.000"><skipped type="pytest.skip" message="requires private operator assets missing on public_clean checkout: runtime/refs/deepseek_active">/root/novel-attest-r5/repo/tests/test_build_deepseek_active_bundle.py:193: requires private operator assets missing on public_clean checkout: runtime/refs/deepseek_active</skipped></testcase><testcase classname="tests.test_build_deepseek_active_bundle" name="test_build_frozen_thresholds_and_uncontaminated_split" time="0.000"><skipped type="pytest.skip" message="requires private operator assets missing on public_clean checkout: reference_texts/a1_benchmark">/root/novel-attest-r5/repo/tests/test_build_deepseek_active_bundle.py:203: requires private operator assets missing on public_clean checkout: reference_texts/a1_benchmark</skipped></testcase><testcase classname="tests.test_build_deepseek_active_bundle" name="test_build_profile_passes_provider_profile_validation" time="0.000"><skipped type="pytest.skip" message="requires private operator assets missing on public_clean checkout: reference_texts/a1_benchmark, runtime/refs/deepseek_active">/root/novel-attest-r5/repo/tests/test_build_deepseek_active_bundle.py:229: requires private operator assets missing on public_clean checkout: reference_texts/a1_benchmark, runtime/refs/deepseek_active</skipped></testcase><testcase classname="tests.test_build_deepseek_active_bundle" name="test_build_policy_passes_autonomous_policy_validation" time="0.000"><skipped type="pytest.skip" message="requires private operator assets missing on public_clean checkout: reference_texts/a1_benchmark, runtime/refs/deepseek_active">/root/novel-attest-r5/repo/tests/test_build_deepseek_active_bundle.py:246: requires private operator assets missing on public_clean checkout: reference_texts/a1_benchmark, runtime/refs/deepseek_active</skipped></testcase><testcase classname="tests.test_build_deepseek_active_bundle" name="test_build_judge_roles_disable_thinking" time="0.000"><skipped type="pytest.skip" message="requires private operator assets missing on public_clean checkout: reference_texts/a1_benchmark, runtime/refs/deepseek_active">/root/novel-attest-r5/repo/tests/test_build_deepseek_active_bundle.py:261: requires private operator assets missing on public_clean checkout: reference_texts/a1_benchmark, runtime/refs/deepseek_active</skipped></testcase><testcase classname="tests.test_build_deepseek_active_bundle" name="test_build_active_selector_points_only_deepseek" time="0.000"><skipped type="pytest.skip" message="requires private operator assets missing on public_clean checkout: reference_texts/a1_benchmark, runtime/refs/deepseek_active">/root/novel-attest-r5/repo/tests/test_build_deepseek_active_bundle.py:274: requires private operator assets missing on public_clean checkout: reference_texts/a1_benchmark, runtime/refs/deepseek_active</skipped></testcase><testcase classname="tests.test_calibrate" name="test_parse_range" time="0.000" /><testcase classname="tests.test_calibrate" name="test_assemble_packet_source_map_and_reading" time="0.002" /><testcase classname="tests.test_calibrate" name="test_assemble_packet_missing_generated_raises" time="0.001" /><testcase classname="tests.test_calibrate" name="test_prompt_hides_sources_and_lists_chapters" time="0.002" /><testcase classname="tests.test_calibrate" name="test_parse_response_valid" time="0.002" /><testcase classname="tests.test_calibrate" name="test_parse_response_strict_errors" time="0.002" /><testcase classname="tests.test_calibrate" name="test_aggregate_and_verdicts" time="0.000" /><testcase classname="tests.test_calibrate" name="test_aggregate_filters_empty_wander_and_disbelieved" time="0.000" /><testcase classname="tests.test_calibrate" name="test_hard_standards_discriminate" time="0.000" /><testcase classname="tests.test_calibrate" name="test_calibrate_short_form_end_to_end" time="0.004" /><testcase classname="tests.test_causal_compiler.TestWorldCausalCompiler" name="test_compile_world_causality_derivation" time="0.000" /><testcase classname="tests.test_causal_compiler.TestWorldCausalCompiler" name="test_audit_rule_deletion_detects_decorative_setting" time="0.000" /><testcase classname="tests.test_causal_compiler.TestWorldCausalCompiler" name="test_audit_rule_deletion_validates_active_causal_rule" time="0.000" /><testcase classname="tests.test_causal_compiler.TestWorldCausalCompiler" name="test_audit_cost_propagation_detects_erased_cost" time="0.000" /><testcase classname="tests.test_causal_defense" name="test_erased_destroyed_location_is_blocking" time="0.001" /><testcase classname="tests.test_causal_defense" name="test_erased_clean_reference_to_history_is_not_blocking" time="0.000" /><testcase classname="tests.test_causal_defense" name="test_erased_explicit_rebuild_with_cost_is_clean" time="0.000" /><testcase classname="tests.test_causal_defense" name="test_erased_boundary_no_entity_match_is_clean" time="0.000" /><testcase classname="tests.test_causal_defense" name="test_erased_order_independent_and_idempotent" time="0.000" /><testcase classname="tests.test_causal_defense" name="test_invalidated_cost_is_warning_without_world_mechanism" time="0.000" /><testcase classname="tests.test_causal_defense" name="test_invalidated_cost_upgrades_to_blocking_with_world_mechanism" time="0.000" /><testcase classname="tests.test_causal_defense" name="test_invalidated_cost_clean_new_payment_is_clean" time="0.000" /><testcase classname="tests.test_causal_defense" name="test_invalidated_cost_boundary_no_recovery_marker_is_clean" time="0.000" /><testcase classname="tests.test_causal_defense" name="test_growth_reset_is_warning" time="0.000" /><testcase classname="tests.test_causal_defense" name="test_growth_reset_clean_no_reset_marker_is_clean" time="0.000" /><testcase classname="tests.test_causal_defense" name="test_growth_reset_boundary_other_character_is_clean" time="0.000" /><testcase classname="tests.test_causal_defense" name="test_group_consequence_unpropagated_is_warning" time="0.000" /><testcase classname="tests.test_causal_defense" name="test_group_consequence_propagated_is_clean" time="0.000" /><testcase classname="tests.test_causal_defense" name="test_group_consequence_boundary_no_entity_is_clean" time="0.000" /><testcase classname="tests.test_causal_defense" name="test_choice_no_future_impact_is_warning" time="0.000" /><testcase classname="tests.test_causal_defense" name="test_choice_with_consequence_is_clean" time="0.000" /><testcase classname="tests.test_causal_defense" name="test_choice_boundary_not_a_choice_is_clean" time="0.000" /><testcase classname="tests.test_causal_defense" name="test_run_causal_defense_idempotent_and_order_independent" time="0.001" /><testcase classname="tests.test_causal_defense" name="test_structured_causal_rule_binding" time="0.000" /><testcase classname="tests.test_causal_defense" name="test_timeline_chronology_resolution_and_degradation" time="0.000" /><testcase classname="tests.test_causal_defense" name="test_run_causal_defense_clean_objects_produce_no_issues" time="0.000" /><testcase classname="tests.test_causal_defense" name="test_narrative_chronology_future_fact_does_not_constrain_earlier_candidate" time="0.000" /><testcase classname="tests.test_causal_defense" name="test_narrative_chronology_past_fact_constrains_candidate" time="0.000" /><testcase classname="tests.test_causal_defense" name="test_entity_alias_registry_and_no_loose_prefix_match" time="0.000" /><testcase classname="tests.test_causal_defense" name="test_world_rule_explicit_linkage_in_cost_invalidation" time="0.000" /><testcase classname="tests.test_causal_defense" name="test_conditional_reversibility_satisfied_is_clean" time="0.000" /><testcase classname="tests.test_causal_defense" name="test_conditional_reversibility_unsatisfied_is_blocking" time="0.000" /><testcase classname="tests.test_causal_defense" name="test_unrelated_world_rules_do_not_arbitrarily_upgrade_to_blocking" time="0.000" /><testcase classname="tests.test_chapter_commit" name="test_commit_then_recover_recognized" time="0.003" /><testcase classname="tests.test_chapter_commit" name="test_commit_records_hashes" time="0.002" /><testcase classname="tests.test_chapter_commit" name="test_commit_state_before_hash_after_first" time="0.004" /><testcase classname="tests.test_chapter_commit" name="test_failure_at_any_write_point_never_recognized[chapter]" time="0.001" /><testcase classname="tests.test_chapter_commit" name="test_failure_at_any_write_point_never_recognized[archive]" time="0.001" /><testcase classname="tests.test_chapter_commit" name="test_failure_at_any_write_point_never_recognized[provenance]" time="0.001" /><testcase classname="tests.test_chapter_commit" name="test_failure_at_any_write_point_never_recognized[frames]" time="0.001" /><testcase classname="tests.test_chapter_commit" name="test_failure_at_any_write_point_never_recognized[state]" time="0.001" /><testcase classname="tests.test_chapter_commit" name="test_failure_at_any_write_point_never_recognized[manifest]" time="0.002" /><testcase classname="tests.test_chapter_commit" name="test_crash_at_state_write_leaves_no_valid_half_commit" time="0.001" /><testcase classname="tests.test_chapter_commit" name="test_crash_at_state_write_does_not_recognize_state_when_body_missing" time="0.001" /><testcase classname="tests.test_chapter_commit" name="test_crash_at_manifest_replace_leaves_stale_tmp" time="0.002" /><testcase classname="tests.test_chapter_commit" name="test_tampered_chapter_after_commit_not_recognized" time="0.003" /><testcase classname="tests.test_chapter_commit" name="test_deleted_state_after_commit_not_recognized" time="0.002" /><testcase classname="tests.test_chapter_commit" name="test_refuse_overwrite_unmanaged_chapter" time="0.002" /><testcase classname="tests.test_chapter_commit" name="test_orphan_detected_when_manifest_absent" time="0.001" /><testcase classname="tests.test_chapter_commit" name="test_orphan_after_committed_head_detected" time="0.003" /><testcase classname="tests.test_chapter_commit" name="test_set_run_status_flow_v2_no_manifest" time="0.001" /><testcase classname="tests.test_chapter_commit" name="test_set_run_status_flow_v3_state_machine" time="0.003" /><testcase classname="tests.test_chapter_commit" name="test_set_run_status_stable_run_id_updates_in_place" time="0.002" /><testcase classname="tests.test_chapter_commit" name="test_set_run_status_new_run_after_commit_archives_prior" time="0.004" /><testcase classname="tests.test_chapter_commit" name="test_seed_manifest_is_recognized_baseline" time="0.001" /><testcase classname="tests.test_chapter_commit" name="test_inspect_reports_recovery" time="0.003" /><testcase classname="tests.test_chapter_commit" name="test_inspect_no_manifest" time="0.001" /><testcase classname="tests.test_chapter_composition" name="test_empty_zero_cost" time="0.000" /><testcase classname="tests.test_chapter_composition" name="test_primary_thread_selected" time="0.000" /><testcase classname="tests.test_chapter_composition" name="test_reentry_and_payoff" time="0.000" /><testcase classname="tests.test_chapter_composition" name="test_opportunities_included" time="0.000" /><testcase classname="tests.test_chapter_composition" name="test_render_has_section" time="0.000" /><testcase classname="tests.test_character_policy.TestCharacterPolicyEngine" name="test_character_action_proposal_respects_policy_and_blindspots" time="0.000" /><testcase classname="tests.test_character_policy.TestCharacterPolicyEngine" name="test_low_pressure_proactive_policy_proposal" time="0.000" /><testcase classname="tests.test_character_updates_workflow" name="test_apply_pressure_appends_dedupe" time="0.000" /><testcase classname="tests.test_character_updates_workflow" name="test_apply_pressure_dedupes_existing" time="0.000" /><testcase classname="tests.test_character_updates_workflow" name="test_apply_trajectory_appends" time="0.000" /><testcase classname="tests.test_character_updates_workflow" name="test_apply_replace_records_before" time="0.000" /><testcase classname="tests.test_character_updates_workflow" name="test_apply_goal_and_self_image_replace" time="0.000" /><testcase classname="tests.test_character_updates_workflow" name="test_apply_long_term_gate_medium_permanence_rejected" time="0.000" /><testcase classname="tests.test_character_updates_workflow" name="test_apply_long_term_gate_transient_permanence_rejected" time="0.001" /><testcase classname="tests.test_character_updates_workflow" name="test_apply_long_term_gate_low_confidence_rejected" time="0.000" /><testcase classname="tests.test_character_updates_workflow" name="test_apply_long_term_gate_destabilize_rejected" time="0.000" /><testcase classname="tests.test_character_updates_workflow" name="test_apply_long_term_gate_medium_only_dynamic_fields" time="0.000" /><testcase classname="tests.test_character_updates_workflow" name="test_apply_relation_record_only" time="0.000" /><testcase classname="tests.test_character_updates_workflow" name="test_admit_fills_trigger_and_dumps" time="0.000" /><testcase classname="tests.test_character_updates_workflow" name="test_admit_apply_mutates_character" time="0.000" /><testcase classname="tests.test_character_updates_workflow" name="test_admit_requires_list" time="0.000" /><testcase classname="tests.test_character_updates_workflow" name="test_admit_requires_dict_entries" time="0.000" /><testcase classname="tests.test_character_updates_workflow" name="test_admit_rejects_unknown_key" time="0.000" /><testcase classname="tests.test_character_updates_workflow" name="test_admit_rejects_unknown_character" time="0.000" /><testcase classname="tests.test_character_updates_workflow" name="test_admit_empty_list_noop" time="0.000" /><testcase classname="tests.test_character_updates_workflow" name="test_ledger_default_empty" time="0.001" /><testcase classname="tests.test_character_updates_workflow" name="test_append_ledger_persists" time="0.001" /><testcase classname="tests.test_character_updates_workflow" name="test_append_accumulates" time="0.001" /><testcase classname="tests.test_character_updates_workflow" name="test_append_dedupes_identical_proposal" time="0.001" /><testcase classname="tests.test_character_updates_workflow" name="test_apply_pressure_marks_applied" time="0.000" /><testcase classname="tests.test_character_updates_workflow" name="test_admit_gated_identity_not_applied" time="0.000" /><testcase classname="tests.test_character_updates_workflow" name="test_admit_long_identity_applied" time="0.000" /><testcase classname="tests.test_character_updates_workflow" name="test_prompt_contains_context_and_five_states" time="0.000" /><testcase classname="tests.test_character_updates_workflow" name="test_prompt_empty_characters_still_valid" time="0.000" /><testcase classname="tests.test_character_updates_workflow" name="test_parse_ok" time="0.000" /><testcase classname="tests.test_character_updates_workflow" name="test_parse_empty_ok" time="0.000" /><testcase classname="tests.test_character_updates_workflow" name="test_parse_rejects_top_level_extra" time="0.000" /><testcase classname="tests.test_character_updates_workflow" name="test_parse_rejects_missing_key" time="0.000" /><testcase classname="tests.test_character_updates_workflow" name="test_parse_rejects_non_list" time="0.000" /><testcase classname="tests.test_character_updates_workflow" name="test_parse_rejects_non_dict_entries" time="0.000" /><testcase classname="tests.test_character_updates_workflow" name="test_parse_rejects_non_object" time="0.000" /><testcase classname="tests.test_character_updates_workflow" name="test_cli_parser_defaults_off" time="0.007" /><testcase classname="tests.test_character_updates_workflow" name="test_cli_parser_accepts_on" time="0.006" /><testcase classname="tests.test_character_updates_workflow" name="test_short_form_help_exposes_flag" time="0.721" /><testcase classname="tests.test_charactermodel_v4" name="test_backward_compat_old_fields_default" time="0.000" /><testcase classname="tests.test_charactermodel_v4" name="test_new_fields_construction" time="0.000" /><testcase classname="tests.test_charactermodel_v4" name="test_json_round_trip_with_new_fields" time="0.000" /><testcase classname="tests.test_charactermodel_v4" name="test_zero_cost_render_when_empty" time="0.000" /><testcase classname="tests.test_charactermodel_v4" name="test_render_with_new_fields" time="0.000" /><testcase classname="tests.test_charactermodel_v4" name="test_pressure_entries_must_be_non_blank" time="0.000" /><testcase classname="tests.test_charactermodel_v4" name="test_relation_behaviors_entries_must_be_non_blank" time="0.000" /><testcase classname="tests.test_characterupdate" name="test_characterupdate_construction" time="0.000" /><testcase classname="tests.test_characterupdate" name="test_defaults_backward_compat" time="0.000" /><testcase classname="tests.test_characterupdate" name="test_required_text_non_blank" time="0.000" /><testcase classname="tests.test_characterupdate" name="test_confidence_unit_interval" time="0.000" /><testcase classname="tests.test_characterupdate" name="test_extra_forbid" time="0.000" /><testcase classname="tests.test_characterupdate" name="test_update_type_five_states" time="0.000" /><testcase classname="tests.test_characterupdate" name="test_affected_dimension_literal" time="0.000" /><testcase classname="tests.test_characterupdate" name="test_json_round_trip" time="0.000" /><testcase classname="tests.test_choiceledger" name="test_append_and_load" time="0.001" /><testcase classname="tests.test_choiceledger" name="test_missing_ledger_returns_empty" time="0.001" /><testcase classname="tests.test_choiceledger" name="test_corrupt_ledger_raises" time="0.001" /><testcase classname="tests.test_choiceledger" name="test_duplicate_decision_id_rejected" time="0.001" /><testcase classname="tests.test_choiceledger" name="test_accumulate_records" time="0.002" /><testcase classname="tests.test_choiceledger" name="test_hindsight_backfill" time="0.001" /><testcase classname="tests.test_choiceledger" name="test_hindsight_missing_decision_is_false" time="0.001" /><testcase classname="tests.test_choiceledger" name="test_consequence_backfill" time="0.001" /><testcase classname="tests.test_choiceledger" name="test_get_choice" time="0.001" /><testcase classname="tests.test_choiceledger" name="test_ledger_json_is_valid_json" time="0.001" /><testcase classname="tests.test_choicerecord" name="test_record_roundtrip_preserves_rejected" time="0.000" /><testcase classname="tests.test_choicerecord" name="test_record_requires_tradeoff" time="0.000" /><testcase classname="tests.test_choicerecord" name="test_record_extra_forbid" time="0.000" /><testcase classname="tests.test_choicerecord" name="test_hindsight_five_states" time="0.000" /><testcase classname="tests.test_choicerecord" name="test_consequence_and_hindsight_optional" time="0.000" /><testcase classname="tests.test_choicerecord" name="test_blank_fields_rejected" time="0.000" /><testcase classname="tests.test_choicerecord" name="test_character_refs_must_be_non_blank" time="0.000" /><testcase classname="tests.test_choicerecord" name="test_candidate_requires_plotunit_dict" time="0.000" /><testcase classname="tests.test_choicerecord" name="test_ledger_entry_accumulates" time="0.000" /><testcase classname="tests.test_choicerecord" name="test_ledger_entry_default_empty" time="0.000" /><testcase classname="tests.test_choicerecord" name="test_ledger_json_roundtrip" time="0.001" /><testcase classname="tests.test_choicerecord" name="test_record_missing_required_fields" time="0.000" /><testcase classname="tests.test_choicerecord" name="test_rejected_extra_forbid" time="0.000" /><testcase classname="tests.test_chunking" name="test_split_by_chapters_arabic" time="0.000" /><testcase classname="tests.test_chunking" name="test_split_by_chapters_chinese" time="0.000" /><testcase classname="tests.test_chunking" name="test_no_chapters_returns_single_chunk" time="0.000" /><testcase classname="tests.test_chunking" name="test_stats" time="0.000" /><testcase classname="tests.test_cli_migrate_inspect" name="test_migrate_requires_preserve_old" time="0.329" /><testcase classname="tests.test_cli_migrate_inspect" name="test_migrate_v2_to_v3_seeds_manifest" time="0.318" /><testcase classname="tests.test_cli_migrate_inspect" name="test_migrate_idempotent_when_already_flow3" time="0.671" /><testcase classname="tests.test_cli_migrate_inspect" name="test_migrate_missing_novel_errors" time="0.361" /><testcase classname="tests.test_cli_migrate_inspect" name="test_inspect_run_committed_after_migration" time="0.672" /><testcase classname="tests.test_cli_migrate_inspect" name="test_inspect_run_json_contract" time="0.641" /><testcase classname="tests.test_cli_migrate_inspect" name="test_inspect_run_v2_unmigrated_reports_not_committed" time="0.330" /><testcase classname="tests.test_cli_migrate_inspect" name="test_inspect_run_orphan_detected" time="0.633" /><testcase classname="tests.test_cli_runtime_contract" name="test_collected_test_baseline_matches_contract" time="1.091" /><testcase classname="tests.test_cli_runtime_contract" name="test_audit_output_dir_waiting_isolated" time="0.304" /><testcase classname="tests.test_cli_runtime_contract" name="test_extend_output_dir_waiting_isolated" time="0.342" /><testcase classname="tests.test_cli_runtime_contract" name="test_compose_output_dir_waiting_isolated" time="0.349" /><testcase classname="tests.test_cli_runtime_contract" name="test_extend_resume_missing_state_fails" time="0.353" /><testcase classname="tests.test_cli_runtime_contract" name="test_extend_resume_missing_frame_fails" time="0.344" /><testcase classname="tests.test_cli_runtime_contract" name="test_compose_resume_missing_state_fails" time="0.340" /><testcase classname="tests.test_cli_runtime_contract" name="test_compose_resume_missing_frame_fails" time="0.337" /><testcase classname="tests.test_cli_runtime_contract" name="test_input_hash_mismatch_preserves_responses" time="0.576" /><testcase classname="tests.test_cli_runtime_contract" name="test_missing_input_hash_in_non_empty_output_fails[src/audit_short_form.py]" time="0.305" /><testcase classname="tests.test_cli_runtime_contract" name="test_missing_input_hash_in_non_empty_output_fails[src/extend_short_form.py]" time="0.350" /><testcase classname="tests.test_cli_runtime_contract" name="test_compose_workspec_hash_mismatch_preserves_responses" time="0.729" /><testcase classname="tests.test_cli_runtime_contract" name="test_deployment_docs_are_consistent" time="0.003" /><testcase classname="tests.test_cli_runtime_contract" name="test_automation_readiness_boundary_docs_contract" time="0.002" /><testcase classname="tests.test_cli_runtime_contract" name="test_production_readiness_checklist_contract" time="0.000" /><testcase classname="tests.test_cli_runtime_contract" name="test_tier0_canary_runbook_contract" time="0.001" /><testcase classname="tests.test_cli_runtime_contract" name="test_tier0_release_record_contract" time="0.001" /><testcase classname="tests.test_cli_runtime_contract" name="test_directapi_boundary_docs_contract" time="0.002" /><testcase classname="tests.test_cli_runtime_contract" name="test_staged_entrypoints_do_not_call_direct_response_automation" time="0.001" /><testcase classname="tests.test_cli_runtime_contract" name="test_novel_cli_exact_field_call_sites_declare_cross_contract_metadata_policy" time="0.054" /><testcase classname="tests.test_cli_runtime_contract" name="test_novel_cli_ok_json_payload_literals_declare_identity_fields" time="0.053" /><testcase classname="tests.test_cli_runtime_contract" name="test_novel_cli_ok_true_json_payload_literals_do_not_declare_error_fields" time="0.030" /><testcase classname="tests.test_cli_runtime_contract" name="test_novel_cli_ok_false_json_payload_literals_declare_error_fields" time="0.053" /><testcase classname="tests.test_cli_runtime_contract" name="test_novel_cli_stdout_json_dumps_use_contract_variables" time="0.028" /><testcase classname="tests.test_cli_runtime_contract" name="test_novel_cli_json_object_payload_emits_validate_before_print" time="0.043" /><testcase classname="tests.test_cli_runtime_contract" name="test_novel_cli_json_object_payload_emits_validate_after_last_assignment" time="0.043" /><testcase classname="tests.test_cli_runtime_contract" name="test_novel_cli_json_object_payload_emits_validate_after_last_mutation" time="0.061" /><testcase classname="tests.test_cli_runtime_contract" name="test_novel_cli_json_list_rows_emits_validate_before_print" time="0.043" /><testcase classname="tests.test_cli_runtime_contract" name="test_novel_cli_json_list_rows_emits_validate_after_last_mutation" time="0.051" /><testcase classname="tests.test_cli_runtime_contract" name="test_novel_cli_json_list_rows_emits_validate_after_in_place_mutation" time="0.054" /><testcase classname="tests.test_cli_runtime_contract" name="test_novel_cli_empty_list_json_emits_validate_before_print" time="0.043" /><testcase classname="tests.test_cli_runtime_contract" name="test_novel_cli_json_error_payloads_are_built_by_helper" time="0.049" /><testcase classname="tests.test_cli_runtime_contract" name="test_novel_cli_runtime_error_payload_call_sites_include_runtime_context" time="0.062" /><testcase classname="tests.test_cli_runtime_contract" name="test_novel_cli_base_json_error_payload_call_site_is_argument_parser_only" time="0.063" /><testcase classname="tests.test_cli_runtime_contract" name="test_novel_cli_json_error_payload_call_sites_declare_error_stage_by_context" time="0.050" /><testcase classname="tests.test_cli_runtime_contract" name="test_novel_cli_json_error_payload_call_sites_declare_error_type_by_context" time="0.059" /><testcase classname="tests.test_cli_runtime_contract" name="test_novel_cli_json_error_payload_call_sites_declare_error_message_by_context" time="0.058" /><testcase classname="tests.test_cli_runtime_contract" name="test_novel_cli_json_error_payload_call_sites_are_guarded_by_json_mode" time="0.058" /><testcase classname="tests.test_cli_runtime_contract" name="test_novel_cli_gate_surfaces_share_route_gate_verdict_helper" time="0.041" /><testcase classname="tests.test_cli_runtime_contract" name="test_staged_entry_response_reads_are_bom_aware" time="0.031" /><testcase classname="tests.test_collection20_intake" name="test_collection20_intake_is_neutral_and_idempotent" time="0.024" /><testcase classname="tests.test_collection20_intake" name="test_txt_discovery_is_case_insensitive" time="0.001" /><testcase classname="tests.test_compliance_knowledge" name="test_lexicon_has_all_categories" time="0.000" /><testcase classname="tests.test_compliance_knowledge" name="test_lexicon_entries_valid" time="0.000" /><testcase classname="tests.test_compliance_knowledge" name="test_lexicon_has_redline_categories" time="0.000" /><testcase classname="tests.test_compliance_knowledge" name="test_build_lexicon_category_filter" time="0.000" /><testcase classname="tests.test_compliance_knowledge" name="test_build_lexicon_custom_merge" time="0.000" /><testcase classname="tests.test_compliance_knowledge" name="test_platform_policy_default_is_generic" time="0.000" /><testcase classname="tests.test_compliance_knowledge" name="test_platform_policy_unknown_falls_back" time="0.000" /><testcase classname="tests.test_compliance_knowledge" name="test_platform_policy_has_reference_entries" time="0.000" /><testcase classname="tests.test_compliance_knowledge" name="test_common_404_words_present" time="0.000" /><testcase classname="tests.test_compliance_short_form" name="test_scan_produces_report" time="0.293" /><testcase classname="tests.test_compliance_short_form" name="test_sensitive_off_flag" time="0.286" /><testcase classname="tests.test_compliance_short_form" name="test_platform_flag" time="0.294" /><testcase classname="tests.test_compliance_short_form" name="test_custom_lexicon" time="0.284" /><testcase classname="tests.test_compliance_short_form" name="test_hash_mismatch_returns_1" time="0.575" /><testcase classname="tests.test_compliance_short_form" name="test_cli_compliance_mode_contract_maps" time="0.000" /><testcase classname="tests.test_compliance_short_form" name="test_cli_compliance_run_and_list" time="0.915" /><testcase classname="tests.test_compliance_short_form" name="test_cli_compliance_resume" time="1.201" /><testcase classname="tests.test_compliance_short_form" name="test_report_includes_chapter_length_issues" time="0.305" /><testcase classname="tests.test_compliance_short_form" name="test_chapter_length_issues_have_anchors" time="0.293" /><testcase classname="tests.test_compliance_unit" name="test_prose_scan_finds_hits_with_anchors" time="0.001" /><testcase classname="tests.test_compliance_unit" name="test_prose_scan_severity_levels" time="0.000" /><testcase classname="tests.test_compliance_unit" name="test_sensitive_off_skips_lexicon" time="0.000" /><testcase classname="tests.test_compliance_unit" name="test_clean_text_no_hits" time="0.000" /><testcase classname="tests.test_compliance_unit" name="test_risk_level_mapping" time="0.001" /><testcase classname="tests.test_compliance_unit" name="test_platform_policy_injected" time="0.000" /><testcase classname="tests.test_compliance_unit" name="test_unknown_platform_falls_back" time="0.000" /><testcase classname="tests.test_compliance_unit" name="test_custom_lexicon_merged" time="0.000" /><testcase classname="tests.test_compliance_unit" name="test_same_word_same_line_once" time="0.000" /><testcase classname="tests.test_compliance_unit" name="test_object_mode_platform_checks" time="0.000" /><testcase classname="tests.test_compliance_unit" name="test_report_to_dict_has_route_pass" time="0.000" /><testcase classname="tests.test_compliance_unit" name="test_chapter_length_below_minimum_flagged" time="0.000" /><testcase classname="tests.test_compliance_unit" name="test_chapter_length_at_or_above_minimum_ok" time="0.001" /><testcase classname="tests.test_compliance_unit" name="test_chapter_length_sensitive_off_still_checked" time="0.000" /><testcase classname="tests.test_compliance_unit" name="test_chapter_length_single_value_target" time="0.000" /><testcase classname="tests.test_compliance_unit" name="test_chapter_length_unparseable_target_no_issue" time="0.000" /><testcase classname="tests.test_compliance_unit" name="test_chapter_length_without_chapter_titles" time="0.000" /><testcase classname="tests.test_compose_short_form" name="test_compose_argparse_parses_resume" time="0.372" /><testcase classname="tests.test_compose_short_form" name="test_compose_resume_loads_saved_state" time="0.001" /><testcase classname="tests.test_compose_short_form" name="test_initialize_from_workspec_no_pending" time="0.000" /><testcase classname="tests.test_consistency_firewall_adversarial" name="test_viability_deterministic_idempotent" time="0.000" /><testcase classname="tests.test_consistency_firewall_adversarial" name="test_needs_premise_required_premise_mentions_promise" time="0.000" /><testcase classname="tests.test_consistency_firewall_adversarial" name="test_reveal_paraphrased_plan_not_flagged" time="0.000" /><testcase classname="tests.test_consistency_firewall_adversarial" name="test_reveal_verbatim_plan_flagged" time="0.000" /><testcase classname="tests.test_consistency_firewall_adversarial" name="test_temporal_detection_order_independent" time="0.001" /><testcase classname="tests.test_consolidation" name="test_evidence_supporting_when_selected_hits_keywords" time="0.000" /><testcase classname="tests.test_consolidation" name="test_evidence_counterexample_when_rejected_hits_keywords" time="0.000" /><testcase classname="tests.test_consolidation" name="test_evidence_counterexample_on_hindsight_regret" time="0.000" /><testcase classname="tests.test_consolidation" name="test_evidence_ignores_untouched_value" time="0.000" /><testcase classname="tests.test_consolidation" name="test_evidence_touched_but_unresolved" time="0.000" /><testcase classname="tests.test_consolidation" name="test_consolidate_forms_principle_with_support" time="0.000" /><testcase classname="tests.test_consolidation" name="test_consolidate_requires_min_support" time="0.000" /><testcase classname="tests.test_consolidation" name="test_consolidate_downgrades_to_contested" time="0.000" /><testcase classname="tests.test_consolidation" name="test_consolidate_principles_always_carry_evidence_refs" time="0.000" /><testcase classname="tests.test_consolidation" name="test_consolidate_reinforces_existing_kernel" time="0.000" /><testcase classname="tests.test_consolidation" name="test_consolidate_records_challenge_and_growth" time="0.000" /><testcase classname="tests.test_consolidation" name="test_consolidate_without_kernel_creates_auto_kernel" time="0.000" /><testcase classname="tests.test_consolidation" name="test_consolidate_empty_ledger_no_principle" time="0.000" /><testcase classname="tests.test_consolidation" name="test_detect_drift_no_causal_experience" time="0.000" /><testcase classname="tests.test_consolidation" name="test_detect_drift_silent_when_key_touched" time="0.000" /><testcase classname="tests.test_consolidation" name="test_detect_drift_no_previous_kernel" time="0.000" /><testcase classname="tests.test_consolidation" name="test_detect_drift_ignores_untouched_unchanged" time="0.000" /><testcase classname="tests.test_consolidation" name="test_consolidation_never_fabricates_drift" time="0.000" /><testcase classname="tests.test_consolidation" name="test_render_consolidation_report_readable" time="0.000" /><testcase classname="tests.test_continuation_anchors" name="test_no_timeline_no_section" time="0.000" /><testcase classname="tests.test_continuation_anchors" name="test_timeline_adds_section" time="0.000" /><testcase classname="tests.test_continuation_anchors" name="test_timeline_section_after_style_before_state" time="0.000" /><testcase classname="tests.test_continuation_anchors" name="test_timeline_default_unchanged_prompt" time="0.000" /><testcase classname="tests.test_continuation_anchors" name="test_facts_timeline_renders_event_only" time="0.000" /><testcase classname="tests.test_continuation_anchors" name="test_timeline_include_header_false_removes_header" time="0.000" /><testcase classname="tests.test_continuation_anchors" name="test_no_excerpt_no_section" time="0.000" /><testcase classname="tests.test_continuation_anchors" name="test_excerpt_adds_section" time="0.000" /><testcase classname="tests.test_continuation_anchors" name="test_excerpt_default_unchanged_prompt" time="0.000" /><testcase classname="tests.test_continuation_anchors" name="test_load_recent_excerpts_empty_source" time="0.000" /><testcase classname="tests.test_continuation_anchors" name="test_load_recent_excerpts_takes_tail_chapters" time="0.000" /><testcase classname="tests.test_continuation_anchors" name="test_load_recent_excerpts_preserves_layout" time="0.000" /><testcase classname="tests.test_continuation_anchors" name="test_original_style_sample_empty_source" time="0.000" /><testcase classname="tests.test_continuation_anchors" name="test_original_style_sample_takes_original_tail" time="0.000" /><testcase classname="tests.test_continuation_anchors" name="test_original_style_sample_marks_style_purpose_not_continuation" time="0.000" /><testcase classname="tests.test_continuation_anchors" name="test_original_style_sample_excludes_generated" time="0.001" /><testcase classname="tests.test_continuation_anchors" name="test_original_style_section_in_prompt_when_provided" time="0.000" /><testcase classname="tests.test_continuation_anchors" name="test_original_style_section_absent_by_default" time="0.000" /><testcase classname="tests.test_continuation_anchors" name="test_original_style_default_unchanged_prompt" time="0.000" /><testcase classname="tests.test_continuation_anchors" name="test_append_generated_chapters_no_chapters_dir" time="0.001" /><testcase classname="tests.test_continuation_anchors" name="test_append_generated_chapters_appends_generated_tail" time="0.001" /><testcase classname="tests.test_continuation_anchors" name="test_append_generated_chapters_recent_excerpt_not_stuck_on_input" time="0.001" /><testcase classname="tests.test_continuation_anchors" name="test_append_generated_chapters_prev_tail_lands_on_last_generated" time="0.001" /><testcase classname="tests.test_continuation_offstage" name="test_no_offstage_section_when_no_characters" time="0.000" /><testcase classname="tests.test_continuation_offstage" name="test_no_offstage_section_when_all_active" time="0.000" /><testcase classname="tests.test_continuation_offstage" name="test_offstage_section_when_state_unknown" time="0.000" /><testcase classname="tests.test_continuation_offstage" name="test_offstage_character_surfaced" time="0.000" /><testcase classname="tests.test_continuation_offstage" name="test_narrative_organization_requirement" time="0.000" /><testcase classname="tests.test_continuation_offstage" name="test_delegation_requirement_present" time="0.000" /><testcase classname="tests.test_continuation_statemodel" name="test_zero_cost_empty" time="0.000" /><testcase classname="tests.test_continuation_statemodel" name="test_packet_section_injected" time="0.000" /><testcase classname="tests.test_continuation_statemodel" name="test_full_state_not_injected" time="0.000" /><testcase classname="tests.test_continuation_viability" name="test_fresh_active_frame_defaults_continue" time="0.000" /><testcase classname="tests.test_continuation_viability" name="test_no_active_frame_no_promises_stop" time="0.000" /><testcase classname="tests.test_continuation_viability" name="test_no_active_frame_with_open_promises_needs_premise" time="0.000" /><testcase classname="tests.test_continuation_viability" name="test_active_frame_ending_matched_no_promises_stop" time="0.000" /><testcase classname="tests.test_continuation_viability" name="test_active_frame_ending_matched_with_promises_ambiguous" time="0.000" /><testcase classname="tests.test_continuation_viability" name="test_terminal_node_injects_continue_note" time="0.000" /><testcase classname="tests.test_continuation_viability" name="test_fresh_default_continue_zero_cost" time="0.000" /><testcase classname="tests.test_continuation_viability" name="test_viability_unit_parse_response_validation" time="0.000" /><testcase classname="tests.test_continuation_viability" name="test_viability_prompt_mentions_contract" time="0.000" /><testcase classname="tests.test_corpus_author_model" name="test_author_requires_chapter_evidence" time="0.014" /><testcase classname="tests.test_corpus_author_model" name="test_author_schema_forbids_identity_and_extra_fields" time="0.000" /><testcase classname="tests.test_corpus_author_model" name="test_metadata_workflow_waits_then_materializes_without_persisting_samples" time="0.003" /><testcase classname="tests.test_corpus_author_model" name="test_deep_sampling_is_uniform_and_preserves_v1_generation" time="0.006" /><testcase classname="tests.test_corpus_author_model" name="test_batch_extraction_supports_multiple_author_instances" time="0.002" /><testcase classname="tests.test_corpus_author_model" name="test_directory_of_full_novels_expands_chapters_and_stratified_sampling" time="0.014" /><testcase classname="tests.test_corpus_author_model" name="test_stratified_sampling_covers_short_books_when_lengths_unequal" time="0.002" /><testcase classname="tests.test_corpus_author_model" name="test_stratified_work_quotas_properties" time="0.000" /><testcase classname="tests.test_corpus_author_model" name="test_prompt_uses_neutral_work_slots_without_source_names" time="0.003" /><testcase c
[...]
00" /><testcase classname="tests.test_style_metrics" name="test_metaphor_below_threshold_not_reported" time="0.000" /><testcase classname="tests.test_style_metrics" name="test_explanatory_phrase_count" time="0.000" /><testcase classname="tests.test_style_metrics" name="test_shell_not_a_but_b" time="0.000" /><testcase classname="tests.test_style_metrics" name="test_parallel_four_anaphora" time="0.000" /><testcase classname="tests.test_style_metrics" name="test_parallel_four_ignores_long_comma_sentence" time="0.000" /><testcase classname="tests.test_style_metrics" name="test_sentence_length_distribution" time="0.000" /><testcase classname="tests.test_style_metrics" name="test_dialogue_ratio" time="0.000" /><testcase classname="tests.test_style_metrics" name="test_dash_colon_density_not_double_counted" time="0.000" /><testcase classname="tests.test_style_metrics" name="test_full_analysis_clean_text_no_risks" time="0.000" /><testcase classname="tests.test_style_metrics" name="test_detect_connective_abuse_sentence_start" time="0.000" /><testcase classname="tests.test_style_metrics" name="test_detect_connective_abuse_clean_and_mid_sentence_ignored" time="0.000" /><testcase classname="tests.test_style_metrics" name="test_detect_colon_enumeration" time="0.000" /><testcase classname="tests.test_style_metrics" name="test_detect_colon_enumeration_clean" time="0.000" /><testcase classname="tests.test_style_metrics" name="test_style_stats_backward_compat_old_json" time="0.000" /><testcase classname="tests.test_style_metrics" name="test_modifier_load_positive_for_adverb_heavy_text" time="0.000" /><testcase classname="tests.test_style_metrics" name="test_modifier_load_zero_for_baimiao_text" time="0.000" /><testcase classname="tests.test_style_metrics" name="test_bystander_reaction_density_and_ratio" time="0.000" /><testcase classname="tests.test_style_metrics" name="test_bystander_reaction_clean_zero" time="0.000" /><testcase classname="tests.test_style_metrics" name="test_omission_markers_counts_ellipsis" time="0.000" /><testcase classname="tests.test_style_metrics" name="test_omission_markers_clean_zero" time="0.000" /><testcase classname="tests.test_style_metrics" name="test_decision_grounding_markers_density" time="0.000" /><testcase classname="tests.test_style_metrics" name="test_decision_grounding_clean_zero" time="0.000" /><testcase classname="tests.test_style_metrics" name="test_key_segment_len_ratio_dense_vs_transition" time="0.000" /><testcase classname="tests.test_style_metrics" name="test_key_segment_len_ratio_uniform_near_one" time="0.000" /><testcase classname="tests.test_style_metrics" name="test_key_segment_len_ratio_few_paragraphs_zero" time="0.000" /><testcase classname="tests.test_style_metrics" name="test_analyze_style_metrics_includes_v3_fields" time="0.000" /><testcase classname="tests.test_style_metrics" name="test_analyze_v3_all_zero_on_clean_text" time="0.000" /><testcase classname="tests.test_style_short_form" name="test_run1_writes_prompt_and_waits" time="0.328" /><testcase classname="tests.test_style_short_form" name="test_run2_produces_profile" time="0.614" /><testcase classname="tests.test_style_short_form" name="test_hash_mismatch_returns_1" time="0.611" /><testcase classname="tests.test_style_short_form" name="test_lint_flag_writes_report" time="0.621" /><testcase classname="tests.test_style_short_form" name="test_lint_report_byte_shape_unchanged_clean_text" time="0.628" /><testcase classname="tests.test_style_short_form" name="test_tone_genre_knowledge_in_prompt" time="0.329" /><testcase classname="tests.test_style_short_form" name="test_temperament_injects_knowledge_and_worldview" time="0.340" /><testcase classname="tests.test_style_short_form" name="test_v3_response_fields_parsed_and_saved" time="0.657" /><testcase classname="tests.test_style_temperament_l6" name="test_workspec_without_temperament_omits_line" time="0.000" /><testcase classname="tests.test_style_temperament_l6" name="test_workspec_with_temperament_renders_line" time="0.000" /><testcase classname="tests.test_style_temperament_l6" name="test_workspec_old_json_deserializes_without_temperament" time="0.000" /><testcase classname="tests.test_style_temperament_l6" name="test_compose_temperament_injects_bucket_guidance" time="0.415" /><testcase classname="tests.test_style_temperament_l6" name="test_compose_without_temperament_keeps_prompt_byte_identical" time="0.409" /><testcase classname="tests.test_style_temperament_l6" name="test_compose_temperament_full_name_also_works" time="0.372" /><testcase classname="tests.test_style_temperament_l6" name="test_extend_temperament_injects_bucket_guidance" time="0.789" /><testcase classname="tests.test_style_temperament_l6" name="test_extend_without_temperament_omits_guidance" time="0.835" /><testcase classname="tests.test_style_temperament_l6" name="test_novel_cli_defines_and_passes_temperament" time="0.036" /><testcase classname="tests.test_style_temperament_l6" name="test_temperament_alias_normalizes" time="0.000" /><testcase classname="tests.test_styleprofile_v2" name="test_v1_profile_deserializes_with_schema_version_1" time="0.001" /><testcase classname="tests.test_styleprofile_v2" name="test_v1_stats_deserialize_with_v2_fields_zero" time="0.000" /><testcase classname="tests.test_styleprofile_v2" name="test_v2_profile_round_trip" time="0.000" /><testcase classname="tests.test_styleprofile_v2" name="test_v1_profile_render_no_v2_line" time="0.000" /><testcase classname="tests.test_styleprofile_v2" name="test_v2_profile_render_v2_blocks" time="0.000" /><testcase classname="tests.test_styleprofile_v2" name="test_to_prompt_context_include_header_false" time="0.000" /><testcase classname="tests.test_styleprofile_v2" name="test_v2_blank_notes_render_identical_to_v1" time="0.000" /><testcase classname="tests.test_styleprofile_v3" name="test_v1_profile_deserializes_v3_fields_default" time="0.000" /><testcase classname="tests.test_styleprofile_v3" name="test_v1_stats_deserialize_v3_fields_zero" time="0.000" /><testcase classname="tests.test_styleprofile_v3" name="test_v3_profile_round_trip" time="0.000" /><testcase classname="tests.test_styleprofile_v3" name="test_v1_profile_render_no_v3_lines" time="0.000" /><testcase classname="tests.test_styleprofile_v3" name="test_v3_blank_fields_render_identical_to_v1" time="0.000" /><testcase classname="tests.test_styleprofile_v3" name="test_v3_profile_render_v3_blocks" time="0.000" /><testcase classname="tests.test_styleprofile_v3" name="test_v3_qualitative_render_without_stats_zero" time="0.000" /><testcase classname="tests.test_styleprofile_v3" name="test_temperament_blank_rejected" time="0.000" /><testcase classname="tests.test_styleprofile_v3" name="test_v3_notes_blank_entry_rejected" time="0.000" /><testcase classname="tests.test_taste_stack.TestWilsonScoreInterval" name="test_zero_total_returns_zeros" time="0.000" /><testcase classname="tests.test_taste_stack.TestWilsonScoreInterval" name="test_real_calculation" time="0.000" /><testcase classname="tests.test_taste_stack.TestWilsonScoreInterval" name="test_boundary_zero_and_full" time="0.000" /><testcase classname="tests.test_taste_stack.TestTasteStackModels" name="test_layer1_hard_gates_model" time="0.000" /><testcase classname="tests.test_taste_stack.TestTasteStackModels" name="test_layer2_specialized_axes_model" time="0.000" /><testcase classname="tests.test_taste_stack.TestTasteStackModels" name="test_layer3_blind_eval_model" time="0.000" /><testcase classname="tests.test_taste_stack.TestTasteStackModels" name="test_layer4_pass_audit_model" time="0.000" /><testcase classname="tests.test_taste_stack.TestTasteStackModels" name="test_layer5_human_blind_eval_honest_not_run" time="0.000" /><testcase classname="tests.test_taste_stack.TestTasteStackModels" name="test_g7_retirement_notice" time="0.001" /><testcase classname="tests.test_taste_stack.TestUnifiedQualityReportEvidenceAggregation" name="test_empty_workspace_all_not_run_no_default_pass" time="0.002" /><testcase classname="tests.test_taste_stack.TestUnifiedQualityReportEvidenceAggregation" name="test_only_revision_ledger_without_judge_is_not_run" time="0.002" /><testcase classname="tests.test_taste_stack.TestUnifiedQualityReportEvidenceAggregation" name="test_real_blind_eval_calculates_wilson_ci" time="0.002" /><testcase classname="tests.test_taste_stack.TestUnifiedQualityReportEvidenceAggregation" name="test_reader_gate_pass_and_block_integration" time="0.004" /><testcase classname="tests.test_taste_stack.TestUnifiedQualityReportEvidenceAggregation" name="test_corrupted_json_invalid_evidence_and_strict_mode" time="0.003" /><testcase classname="tests.test_taste_stack.TestUnifiedQualityReportEvidenceAggregation" name="test_no_mastery_score_in_payload_or_markdown" time="0.002" /><testcase classname="tests.test_temporal_adversarial" name="test_inject_death_then_active_is_blocking" time="0.001" /><testcase classname="tests.test_temporal_adversarial" name="test_inject_active_before_death_is_clean" time="0.000" /><testcase classname="tests.test_temporal_adversarial" name="test_inject_expired_holding_is_warning" time="0.000" /><testcase classname="tests.test_temporal_adversarial" name="test_inject_holding_not_expired_is_clean" time="0.000" /><testcase classname="tests.test_temporal_adversarial" name="test_inject_temporal_negation_overlap_is_blocking" time="0.000" /><testcase classname="tests.test_temporal_adversarial" name="test_inject_non_overlapping_negation_is_clean" time="0.000" /><testcase classname="tests.test_temporal_adversarial" name="test_clean_ledger_no_false_positives" time="0.000" /><testcase classname="tests.test_temporal_contradictions" name="test_death_after_still_active_detected" time="0.000" /><testcase classname="tests.test_temporal_contradictions" name="test_death_before_activity_no_issue" time="0.000" /><testcase classname="tests.test_temporal_contradictions" name="test_death_unparseable_time_no_false_positive" time="0.000" /><testcase classname="tests.test_temporal_contradictions" name="test_expired_fact_still_held_detected" time="0.000" /><testcase classname="tests.test_temporal_contradictions" name="test_expired_fact_no_still_held_contradiction" time="0.000" /><testcase classname="tests.test_temporal_contradictions" name="test_overlapping_negation_detected" time="0.000" /><testcase classname="tests.test_temporal_contradictions" name="test_non_overlapping_negation_no_issue" time="0.000" /><testcase classname="tests.test_temporal_contradictions" name="test_overlapping_negation_with_validity_intervals" time="0.000" /><testcase classname="tests.test_temporal_contradictions" name="test_disjoint_validity_intervals_no_issue" time="0.000" /><testcase classname="tests.test_temporal_contradictions" name="test_no_ledger_returns_empty" time="0.000" /><testcase classname="tests.test_temporal_contradictions" name="test_issues_are_review_issues_with_location" time="0.001" /><testcase classname="tests.test_temporal_contradictions" name="test_narrative_position_helpers" time="0.000" /><testcase classname="tests.test_time_domain" name="test_time_context_default_unchanged_prompt" time="0.000" /><testcase classname="tests.test_time_domain" name="test_time_context_no_timebook_empty" time="0.000" /><testcase classname="tests.test_time_domain" name="test_build_time_context_matches_design_example" time="0.001" /><testcase classname="tests.test_time_domain" name="test_build_time_context_initial_only_renders_chapter_one" time="0.000" /><testcase classname="tests.test_time_domain" name="test_time_context_injects_section" time="0.000" /><testcase classname="tests.test_time_domain" name="test_det4_regression_flagged_only_with_timebook" time="0.000" /><testcase classname="tests.test_time_domain" name="test_det4_monotonic_no_issues" time="0.000" /><testcase classname="tests.test_time_domain" name="test_det4_empty_anchors_no_issues" time="0.000" /><testcase classname="tests.test_time_domain" name="test_det5_foreshadow_expired_when_past_deadline" time="0.000" /><testcase classname="tests.test_time_domain" name="test_det5_foreshadow_not_expired_before_deadline" time="0.000" /><testcase classname="tests.test_time_domain" name="test_det5_timeline_ended_flagged" time="0.000" /><testcase classname="tests.test_time_domain" name="test_det5_no_timebook_or_no_anchor_skips" time="0.000" /><testcase classname="tests.test_time_domain" name="test_det6_opposite_season_flagged" time="0.000" /><testcase classname="tests.test_time_domain" name="test_det6_same_season_no_issue" time="0.000" /><testcase classname="tests.test_time_domain" name="test_det6_southern_hemisphere_rule_override" time="0.001" /><testcase classname="tests.test_time_domain" name="test_det6_without_rules_flag_uses_solar_default" time="0.000" /><testcase classname="tests.test_time_domain" name="test_run_time_audit_no_timebook_baseline_only" time="0.000" /><testcase classname="tests.test_time_domain" name="test_build_timeline_report_contract" time="0.000" /><testcase classname="tests.test_time_domain" name="test_build_timeline_report_no_timebook" time="0.000" /><testcase classname="tests.test_time_domain" name="test_extract_time_anchors_date_lunar_tod" time="0.000" /><testcase classname="tests.test_time_domain" name="test_extract_time_anchors_empty_head_skips" time="0.000" /><testcase classname="tests.test_time_domain" name="test_extract_time_anchors_expanded_window_finds_late_date" time="0.000" /><testcase classname="tests.test_time_domain" name="test_extract_time_anchors_relative_marker_coverage" time="0.000" /><testcase classname="tests.test_time_domain" name="test_extract_time_anchors_relative_defer_to_absolute_date" time="0.000" /><testcase classname="tests.test_time_domain" name="test_extract_time_anchors_relative_no_false_positive" time="0.000" /><testcase classname="tests.test_time_domain" name="test_first_paragraphs_default_window_is_800" time="0.000" /><testcase classname="tests.test_time_domain" name="test_refresh_time_book_anchors_zero_cost_when_no_timebook" time="0.002" /><testcase classname="tests.test_time_domain" name="test_refresh_time_book_anchors_dedupes_by_chapter" time="0.002" /><testcase classname="tests.test_time_domain" name="test_novel_time_rebuild_check_single_pass" time="0.732" /><testcase classname="tests.test_time_domain" name="test_novel_time_empty_extraction_no_file" time="0.661" /><testcase classname="tests.test_time_domain" name="test_novel_time_status_default_prints" time="0.669" /><testcase classname="tests.test_time_domain" name="test_novel_list_shows_time_status" time="0.349" /><testcase classname="tests.test_time_domain" name="test_compose_workspec_time_initializes_timebook" time="0.002" /><testcase classname="tests.test_time_domain" name="test_compose_default_workspec_no_time_field" time="0.000" /><testcase classname="tests.test_time_domain" name="test_rubric_no_timeline_report_stays_8_dims" time="0.000" /><testcase classname="tests.test_time_domain" name="test_rubric_with_timeline_report_adds_wnb09" time="0.000" /><testcase classname="tests.test_twin_author" name="test_different_history_diverges_without_persona" time="0.001" /><testcase classname="tests.test_twin_author" name="test_same_history_no_divergence" time="0.001" /><testcase classname="tests.test_twin_author" name="test_divergence_range" time="0.003" /><testcase classname="tests.test_twin_author" name="test_kernels_compressed_from_choice_history" time="0.001" /><testcase classname="tests.test_twin_author" name="test_generalization_on_unseen_problem_types" time="0.001" /><testcase classname="tests.test_twin_author" name="test_cross_domain_transfer" time="0.001" /><testcase classname="tests.test_twin_author" name="test_cross_domain_options_carry_no_in_domain_keywords" time="0.000" /><testcase classname="tests.test_twin_author" name="test_occlusion_retained_when_history_compressed" time="0.001" /><testcase classname="tests.test_twin_author" name="test_occlusion_drops_when_history_uncompressed" time="0.001" /><testcase classname="tests.test_twin_author" name="test_override_resistance_identity_has_inertia" time="0.001" /><testcase classname="tests.test_twin_author" name="test_override_bounded_not_persona" time="0.001" /><testcase classname="tests.test_twin_author" name="test_adaptive_change_after_new_history" time="0.001" /><testcase classname="tests.test_twin_author" name="test_adaptation_not_measured_without_sequence" time="0.001" /><testcase classname="tests.test_twin_author" name="test_costly_taste_sacrifices_reader_reward_for_value" time="0.001" /><testcase classname="tests.test_twin_author" name="test_reward_sensitivity_not_pathological" time="0.001" /><testcase classname="tests.test_twin_author" name="test_gate_d_pass_for_formed_twins" time="0.001" /><testcase classname="tests.test_twin_author" name="test_gate_d_fail_when_no_divergence" time="0.001" /><testcase classname="tests.test_twin_author" name="test_gate_d_fail_when_rigid_no_adaptation" time="0.001" /><testcase classname="tests.test_twin_author" name="test_empty_scenarios_rejected" time="0.000" /><testcase classname="tests.test_twin_author" name="test_empty_both_sequences_rejected" time="0.000" /><testcase classname="tests.test_twin_author" name="test_history_choice_goes_through_consolidation_schema" time="0.000" /><testcase classname="tests.test_twin_author" name="test_oracle_pluggable" time="0.001" /><testcase classname="tests.test_twin_author" name="test_default_oracle_is_kernel_field" time="0.001" /><testcase classname="tests.test_twin_author" name="test_cli_offline_runner" time="0.302" /><testcase classname="tests.test_twin_author" name="test_cli_offline_runner_missing_spec" time="0.297" /><testcase classname="tests.test_twin_character" name="test_different_history_diverges" time="0.001" /><testcase classname="tests.test_twin_character" name="test_same_history_no_divergence" time="0.001" /><testcase classname="tests.test_twin_character" name="test_divergence_range" time="0.001" /><testcase classname="tests.test_twin_character" name="test_path_predictability_high_for_consistent_history" time="0.001" /><testcase classname="tests.test_twin_character" name="test_memory_occlusion_retains_divergence_in_stable_fields" time="0.001" /><testcase classname="tests.test_twin_character" name="test_memory_occlusion_drops_when_divergence_lives_in_pressure" time="0.000" /><testcase classname="tests.test_twin_character" name="test_prompt_flip_rate_between_zero_and_one" time="0.001" /><testcase classname="tests.test_twin_character" name="test_adaptation_rate_positive_after_new_experience" time="0.001" /><testcase classname="tests.test_twin_character" name="test_adaptation_not_measured_without_sequence" time="0.000" /><testcase classname="tests.test_twin_character" name="test_gate_a_pass_for_formed_twins" time="0.001" /><testcase classname="tests.test_twin_character" name="test_gate_a_fail_when_no_divergence" time="0.001" /><testcase classname="tests.test_twin_character" name="test_gate_a_fail_when_rigid_no_adaptation" time="0.000" /><testcase classname="tests.test_twin_character" name="test_empty_scenarios_rejected" time="0.000" /><testcase classname="tests.test_twin_character" name="test_empty_both_sequences_rejected" time="0.000" /><testcase classname="tests.test_twin_character" name="test_experience_goes_through_task2_schema" time="0.000" /><testcase classname="tests.test_twin_character" name="test_experience_apply_records_before" time="0.000" /><testcase classname="tests.test_twin_character" name="test_experience_apply_mutates_fields" time="0.000" /><testcase classname="tests.test_twin_character" name="test_oracle_pluggable" time="0.000" /><testcase classname="tests.test_twin_character" name="test_default_oracle_is_character_field" time="0.000" /><testcase classname="tests.test_twin_character" name="test_cli_offline_runner" time="0.285" /><testcase classname="tests.test_twin_character" name="test_cli_offline_runner_missing_spec" time="0.296" /></testsuite></testsuites>